# Logfile created on 2014-01-07 13:26:32 -0500 by logger.rb/36483
I, [2014-01-07T13:26:32.460075 #46574]  INFO -- : 0:  RedCloth (4.2.9) from /Users/travishubbard/.rvm/gems/ruby-2.0.0-p247/specifications/RedCloth-4.2.9.gemspec
I, [2014-01-07T13:26:32.460882 #46574]  INFO -- : 0:  blankslate (2.1.2.4) from /Users/travishubbard/.rvm/gems/ruby-2.0.0-p247/specifications/blankslate-2.1.2.4.gemspec
I, [2014-01-07T13:26:32.461318 #46574]  INFO -- : 0:  fast-stemmer (1.0.2) from /Users/travishubbard/.rvm/gems/ruby-2.0.0-p247/specifications/fast-stemmer-1.0.2.gemspec
I, [2014-01-07T13:26:32.461723 #46574]  INFO -- : 0:  classifier (1.3.4) from /Users/travishubbard/.rvm/gems/ruby-2.0.0-p247/specifications/classifier-1.3.4.gemspec
I, [2014-01-07T13:26:32.462128 #46574]  INFO -- : 0:  colorator (0.1) from /Users/travishubbard/.rvm/gems/ruby-2.0.0-p247/specifications/colorator-0.1.gemspec
I, [2014-01-07T13:26:32.462546 #46574]  INFO -- : 0:  highline (1.6.20) from /Users/travishubbard/.rvm/gems/ruby-2.0.0-p247/specifications/highline-1.6.20.gemspec
I, [2014-01-07T13:26:32.462956 #46574]  INFO -- : 0:  commander (4.1.5) from /Users/travishubbard/.rvm/gems/ruby-2.0.0-p247/specifications/commander-4.1.5.gemspec
I, [2014-01-07T13:26:39.857218 #46574]  INFO -- : 0:  ffi (1.9.3) from /Users/travishubbard/.rvm/gems/ruby-2.0.0-p247/specifications/ffi-1.9.3.gemspec
I, [2014-01-07T13:26:39.858111 #46574]  INFO -- : 0:  liquid (2.5.4) from /Users/travishubbard/.rvm/gems/ruby-2.0.0-p247/specifications/liquid-2.5.4.gemspec
I, [2014-01-07T13:26:39.858567 #46574]  INFO -- : 0:  rb-fsevent (0.9.4) from /Users/travishubbard/.rvm/gems/ruby-2.0.0-p247/specifications/rb-fsevent-0.9.4.gemspec
I, [2014-01-07T13:26:39.858995 #46574]  INFO -- : 0:  rb-inotify (0.9.3) from /Users/travishubbard/.rvm/gems/ruby-2.0.0-p247/specifications/rb-inotify-0.9.3.gemspec
I, [2014-01-07T13:26:39.859411 #46574]  INFO -- : 0:  rb-kqueue (0.2.0) from /Users/travishubbard/.rvm/gems/ruby-2.0.0-p247/specifications/rb-kqueue-0.2.0.gemspec
I, [2014-01-07T13:26:39.859806 #46574]  INFO -- : 0:  listen (1.3.1) from /Users/travishubbard/.rvm/gems/ruby-2.0.0-p247/specifications/listen-1.3.1.gemspec
I, [2014-01-07T13:26:39.860225 #46574]  INFO -- : 0:  maruku (0.7.0) from /Users/travishubbard/.rvm/gems/ruby-2.0.0-p247/specifications/maruku-0.7.0.gemspec
I, [2014-01-07T13:26:39.860633 #46574]  INFO -- : 0:  posix-spawn (0.3.8) from /Users/travishubbard/.rvm/gems/ruby-2.0.0-p247/specifications/posix-spawn-0.3.8.gemspec
I, [2014-01-07T13:26:39.861066 #46574]  INFO -- : 0:  yajl-ruby (1.1.0) from /Users/travishubbard/.rvm/gems/ruby-2.0.0-p247/specifications/yajl-ruby-1.1.0.gemspec
I, [2014-01-07T13:26:39.861492 #46574]  INFO -- : 0:  pygments.rb (0.5.4) from /Users/travishubbard/.rvm/gems/ruby-2.0.0-p247/specifications/pygments.rb-0.5.4.gemspec
I, [2014-01-07T13:26:39.861889 #46574]  INFO -- : 0:  redcarpet (2.3.0) from /Users/travishubbard/.rvm/gems/ruby-2.0.0-p247/specifications/redcarpet-2.3.0.gemspec
I, [2014-01-07T13:26:39.862303 #46574]  INFO -- : 0:  safe_yaml (0.9.7) from /Users/travishubbard/.rvm/gems/ruby-2.0.0-p247/specifications/safe_yaml-0.9.7.gemspec
I, [2014-01-07T13:26:39.862700 #46574]  INFO -- : 0:  parslet (1.5.0) from /Users/travishubbard/.rvm/gems/ruby-2.0.0-p247/specifications/parslet-1.5.0.gemspec
I, [2014-01-07T13:26:39.863125 #46574]  INFO -- : 0:  toml (0.1.0) from /Users/travishubbard/.rvm/gems/ruby-2.0.0-p247/specifications/toml-0.1.0.gemspec
I, [2014-01-07T13:26:39.863529 #46574]  INFO -- : 0:  jekyll (1.4.2) from /Users/travishubbard/.rvm/gems/ruby-2.0.0-p247/specifications/jekyll-1.4.2.gemspec
I, [2014-01-07T13:26:41.227765 #46574]  INFO -- : 0:  kramdown (1.2.0) from /Users/travishubbard/.rvm/gems/ruby-2.0.0-p247/specifications/kramdown-1.2.0.gemspec
I, [2014-01-07T13:26:46.097797 #46574]  INFO -- : 0:  rdiscount (2.1.7) from /Users/travishubbard/.rvm/gems/ruby-2.0.0-p247/specifications/rdiscount-2.1.7.gemspec
I, [2014-01-07T13:26:46.762705 #46574]  INFO -- : 0:  github-pages (12) from /Users/travishubbard/.rvm/gems/ruby-2.0.0-p247/specifications/github-pages-12.gemspec
I, [2014-01-07T13:26:46.763284 #46574]  INFO -- : 0:  bundler (1.5.1) from /Users/travishubbard/.rvm/gems/ruby-2.0.0-p247/specifications/bundler-1.5.1.gemspec
